<?xml version="1.0" encoding="UTF-8"?>
<!-- Generated by org.testng.reporters.JUnitReportReporter -->
<testsuite hostname="Kavi" failures="0" tests="3" name="com.qa.tests.LoginPageTest" time="14.867" errors="0" timestamp="2025-04-25T19:10:57 IST" skipped="0">
  <testcase classname="com.qa.tests.LoginPageTest" name="validateTitle" time="2.445"/>
  <testcase classname="com.qa.tests.LoginPageTest" name="validateURL" time="6.750"/>
  <testcase classname="com.qa.tests.LoginPageTest" name="loginUser" time="5.672"/>
</testsuite> <!-- com.qa.tests.LoginPageTest -->
